State 95 conflicts: 1 shift/reduce


Grammar

    0 $accept: program $end

    1 $@1: ε

    2 program: $@1 ID PARENL PARENR BRACKETL decls statement_list BRACKETR

    3 decls: decls RVAR type var_list SEMICOLON
    4      | decls RCONST type const_list SEMICOLON
    5      | ε

    6 type: RINT

    7 var_list: ID
    8         | var_list COMMA ID

    9 const_list: ID OASSIGN expr
   10           | const_list COMMA ID OASSIGN expr

   11 statement_list: statement_list statement
   12               | ε

   13 statement: ID OASSIGN expr SEMICOLON
   14          | BRACKETL statement_list BRACKETR
   15          | RIF PARENL expr PARENR statement RELSE statement
   16          | RIF PARENL expr PARENR statement
   17          | RWHILE PARENL expr PARENR statement
   18          | RDO statement RWHILE PARENL expr PARENR SEMICOLON
   19          | RFOR PARENL ID OASSIGN LINT SEMICOLON expr PARENR statement
   20          | RFOR PARENL ID OASSIGN LINT SEMICOLON expr SEMICOLON OMINUS LINT PARENR statement
   21          | RFOR PARENL ID OASSIGN LINT SEMICOLON expr SEMICOLON LINT PARENR statement
   22          | RPRINT PARENL print_list PARENR SEMICOLON
   23          | RREAD PARENL read_list PARENR SEMICOLON

   24 print_list: print_item
   25           | print_list COMMA print_item

   26 print_item: expr
   27           | LSTR

   28 read_list: ID
   29          | read_list COMMA ID

   30 expr: expr OPLUS expr
   31     | expr OMINUS expr
   32     | expr OASTERISK expr
   33     | expr OSLASH expr
   34     | expr OLESS expr
   35     | expr OGREATER expr
   36     | expr OLESSEQUAL expr
   37     | expr OGREATEREQUAL expr
   38     | expr OEQUALS expr
   39     | expr ONOTEQUALS expr
   40     | PARENL expr QUESTIONMARK expr COLON expr PARENR
   41     | OMINUS expr
   42     | PARENL expr PARENR
   43     | ID
   44     | LINT


Terminals, with rules where they appear

    $end (0) 0
    error (256)
    RVAR (258) 3
    RCONST (259) 4
    RINT (260) 6
    RIF (261) 15 16
    RELSE (262) 15
    RWHILE (263) 17 18
    RDO (264) 18
    RFOR (265) 19 20 21
    RPRINT (266) 22
    RREAD (267) 23
    SEMICOLON (268) 3 4 13 18 19 20 21 22 23
    COMMA (269) 8 10 25 29
    OPLUS (270) 30
    OMINUS (271) 20 31 41
    OASTERISK (272) 32
    OSLASH (273) 33
    OASSIGN (274) 9 10 13 19 20 21
    OLESS (275) 34
    OGREATER (276) 35
    OLESSEQUAL (277) 36
    OGREATEREQUAL (278) 37
    OEQUALS (279) 38
    ONOTEQUALS (280) 39
    PARENL (281) 2 15 16 17 18 19 20 21 22 23 40 42
    PARENR (282) 2 15 16 17 18 19 20 21 22 23 40 42
    BRACKETL (283) 2 14
    BRACKETR (284) 2 14
    QUESTIONMARK (285) 40
    COLON (286) 40
    ID <lex> (287) 2 7 8 9 10 13 19 20 21 28 29 43
    LSTR <lex> (288) 27
    LINT <lex> (289) 19 20 21 44
    OUMINUS (290)


Nonterminals, with rules where they appear

    $accept (36)
        on left: 0
    program (37)
        on left: 2
        on right: 0
    $@1 (38)
        on left: 1
        on right: 2
    decls <code> (39)
        on left: 3 4 5
        on right: 2 3 4
    type (40)
        on left: 6
        on right: 3 4
    var_list (41)
        on left: 7 8
        on right: 3 8
    const_list <code> (42)
        on left: 9 10
        on right: 4 10
    statement_list <code> (43)
        on left: 11 12
        on right: 2 11 14
    statement <code> (44)
        on left: 13 14 15 16 17 18 19 20 21 22 23
        on right: 11 15 16 17 18 19 20 21
    print_list <code> (45)
        on left: 24 25
        on right: 22 25
    print_item <code> (46)
        on left: 26 27
        on right: 24 25
    read_list <code> (47)
        on left: 28 29
        on right: 23 29
    expr <code> (48)
        on left: 30 31 32 33 34 35 36 37 38 39 40 41 42 43 44
        on right: 9 10 13 15 16 17 18 19 20 21 26 30 31 32 33 34 35 36 37 38 39 40 41 42


State 0

    0 $accept: • program $end

    $default  reduce using rule 1 ($@1)

    program  go to state 1
    $@1      go to state 2


State 1

    0 $accept: program • $end

    $end  shift, and go to state 3


State 2

    2 program: $@1 • ID PARENL PARENR BRACKETL decls statement_list BRACKETR

    ID  shift, and go to state 4


State 3

    0 $accept: program $end •

    $default  accept


State 4

    2 program: $@1 ID • PARENL PARENR BRACKETL decls statement_list BRACKETR

    PARENL  shift, and go to state 5


State 5

    2 program: $@1 ID PARENL • PARENR BRACKETL decls statement_list BRACKETR

    PARENR  shift, and go to state 6


State 6

    2 program: $@1 ID PARENL PARENR • BRACKETL decls statement_list BRACKETR

    BRACKETL  shift, and go to state 7


State 7

    2 program: $@1 ID PARENL PARENR BRACKETL • decls statement_list BRACKETR

    $default  reduce using rule 5 (decls)

    decls  go to state 8


State 8

    2 program: $@1 ID PARENL PARENR BRACKETL decls • statement_list BRACKETR
    3 decls: decls • RVAR type var_list SEMICOLON
    4      | decls • RCONST type const_list SEMICOLON

    RVAR    shift, and go to state 9
    RCONST  shift, and go to state 10

    $default  reduce using rule 12 (statement_list)

    statement_list  go to state 11


State 9

    3 decls: decls RVAR • type var_list SEMICOLON

    RINT  shift, and go to state 12

    type  go to state 13


State 10

    4 decls: decls RCONST • type const_list SEMICOLON

    RINT  shift, and go to state 12

    type  go to state 14


State 11

    2 program: $@1 ID PARENL PARENR BRACKETL decls statement_list • BRACKETR
   11 statement_list: statement_list • statement

    RIF       shift, and go to state 15
    RWHILE    shift, and go to state 16
    RDO       shift, and go to state 17
    RFOR      shift, and go to state 18
    RPRINT    shift, and go to state 19
    RREAD     shift, and go to state 20
    BRACKETL  shift, and go to state 21
    BRACKETR  shift, and go to state 22
    ID        shift, and go to state 23

    statement  go to state 24


State 12

    6 type: RINT •

    $default  reduce using rule 6 (type)


State 13

    3 decls: decls RVAR type • var_list SEMICOLON

    ID  shift, and go to state 25

    var_list  go to state 26


State 14

    4 decls: decls RCONST type • const_list SEMICOLON

    ID  shift, and go to state 27

    const_list  go to state 28


State 15

   15 statement: RIF • PARENL expr PARENR statement RELSE statement
   16          | RIF • PARENL expr PARENR statement

    PARENL  shift, and go to state 29


State 16

   17 statement: RWHILE • PARENL expr PARENR statement

    PARENL  shift, and go to state 30


State 17

   18 statement: RDO • statement RWHILE PARENL expr PARENR SEMICOLON

    RIF       shift, and go to state 15
    RWHILE    shift, and go to state 16
    RDO       shift, and go to state 17
    RFOR      shift, and go to state 18
    RPRINT    shift, and go to state 19
    RREAD     shift, and go to state 20
    BRACKETL  shift, and go to state 21
    ID        shift, and go to state 23

    statement  go to state 31


State 18

   19 statement: RFOR • PARENL ID OASSIGN LINT SEMICOLON expr PARENR statement
   20          | RFOR • PARENL ID OASSIGN LINT SEMICOLON expr SEMICOLON OMINUS LINT PARENR statement
   21          | RFOR • PARENL ID OASSIGN LINT SEMICOLON expr SEMICOLON LINT PARENR statement

    PARENL  shift, and go to state 32


State 19

   22 statement: RPRINT • PARENL print_list PARENR SEMICOLON

    PARENL  shift, and go to state 33


State 20

   23 statement: RREAD • PARENL read_list PARENR SEMICOLON

    PARENL  shift, and go to state 34


State 21

   14 statement: BRACKETL • statement_list BRACKETR

    $default  reduce using rule 12 (statement_list)

    statement_list  go to state 35


State 22

    2 program: $@1 ID PARENL PARENR BRACKETL decls statement_list BRACKETR •

    $default  reduce using rule 2 (program)


State 23

   13 statement: ID • OASSIGN expr SEMICOLON

    OASSIGN  shift, and go to state 36


State 24

   11 statement_list: statement_list statement •

    $default  reduce using rule 11 (statement_list)


State 25

    7 var_list: ID •

    $default  reduce using rule 7 (var_list)


State 26

    3 decls: decls RVAR type var_list • SEMICOLON
    8 var_list: var_list • COMMA ID

    SEMICOLON  shift, and go to state 37
    COMMA      shift, and go to state 38


State 27

    9 const_list: ID • OASSIGN expr

    OASSIGN  shift, and go to state 39


State 28

    4 decls: decls RCONST type const_list • SEMICOLON
   10 const_list: const_list • COMMA ID OASSIGN expr

    SEMICOLON  shift, and go to state 40
    COMMA      shift, and go to state 41


State 29

   15 statement: RIF PARENL • expr PARENR statement RELSE statement
   16          | RIF PARENL • expr PARENR statement

    OMINUS  shift, and go to state 42
    PARENL  shift, and go to state 43
    ID      shift, and go to state 44
    LINT    shift, and go to state 45

    expr  go to state 46


State 30

   17 statement: RWHILE PARENL • expr PARENR statement

    OMINUS  shift, and go to state 42
    PARENL  shift, and go to state 43
    ID      shift, and go to state 44
    LINT    shift, and go to state 45

    expr  go to state 47


State 31

   18 statement: RDO statement • RWHILE PARENL expr PARENR SEMICOLON

    RWHILE  shift, and go to state 48


State 32

   19 statement: RFOR PARENL • ID OASSIGN LINT SEMICOLON expr PARENR statement
   20          | RFOR PARENL • ID OASSIGN LINT SEMICOLON expr SEMICOLON OMINUS LINT PARENR statement
   21          | RFOR PARENL • ID OASSIGN LINT SEMICOLON expr SEMICOLON LINT PARENR statement

    ID  shift, and go to state 49


State 33

   22 statement: RPRINT PARENL • print_list PARENR SEMICOLON

    OMINUS  shift, and go to state 42
    PARENL  shift, and go to state 43
    ID      shift, and go to state 44
    LSTR    shift, and go to state 50
    LINT    shift, and go to state 45

    print_list  go to state 51
    print_item  go to state 52
    expr        go to state 53


State 34

   23 statement: RREAD PARENL • read_list PARENR SEMICOLON

    ID  shift, and go to state 54

    read_list  go to state 55


State 35

   11 statement_list: statement_list • statement
   14 statement: BRACKETL statement_list • BRACKETR

    RIF       shift, and go to state 15
    RWHILE    shift, and go to state 16
    RDO       shift, and go to state 17
    RFOR      shift, and go to state 18
    RPRINT    shift, and go to state 19
    RREAD     shift, and go to state 20
    BRACKETL  shift, and go to state 21
    BRACKETR  shift, and go to state 56
    ID        shift, and go to state 23

    statement  go to state 24


State 36

   13 statement: ID OASSIGN • expr SEMICOLON

    OMINUS  shift, and go to state 42
    PARENL  shift, and go to state 43
    ID      shift, and go to state 44
    LINT    shift, and go to state 45

    expr  go to state 57


State 37

    3 decls: decls RVAR type var_list SEMICOLON •

    $default  reduce using rule 3 (decls)


State 38

    8 var_list: var_list COMMA • ID

    ID  shift, and go to state 58


State 39

    9 const_list: ID OASSIGN • expr

    OMINUS  shift, and go to state 42
    PARENL  shift, and go to state 43
    ID      shift, and go to state 44
    LINT    shift, and go to state 45

    expr  go to state 59


State 40

    4 decls: decls RCONST type const_list SEMICOLON •

    $default  reduce using rule 4 (decls)


State 41

   10 const_list: const_list COMMA • ID OASSIGN expr

    ID  shift, and go to state 60


State 42

   41 expr: OMINUS • expr

    OMINUS  shift, and go to state 42
    PARENL  shift, and go to state 43
    ID      shift, and go to state 44
    LINT    shift, and go to state 45

    expr  go to state 61


State 43

   40 expr: PARENL • expr QUESTIONMARK expr COLON expr PARENR
   42     | PARENL • expr PARENR

    OMINUS  shift, and go to state 42
    PARENL  shift, and go to state 43
    ID      shift, and go to state 44
    LINT    shift, and go to state 45

    expr  go to state 62


State 44

   43 expr: ID •

    $default  reduce using rule 43 (expr)


State 45

   44 expr: LINT •

    $default  reduce using rule 44 (expr)


State 46

   15 statement: RIF PARENL expr • PARENR statement RELSE statement
   16          | RIF PARENL expr • PARENR statement
   30 expr: expr • OPLUS expr
   31     | expr • OMINUS expr
   32     | expr • OASTERISK expr
   33     | expr • OSLASH expr
   34     | expr • OLESS expr
   35     | expr • OGREATER expr
   36     | expr • OLESSEQUAL expr
   37     | expr • OGREATEREQUAL expr
   38     | expr • OEQUALS expr
   39     | expr • ONOTEQUALS expr

    OPLUS          shift, and go to state 63
    OMINUS         shift, and go to state 64
    OASTERISK      shift, and go to state 65
    OSLASH         shift, and go to state 66
    OLESS          shift, and go to state 67
    OGREATER       shift, and go to state 68
    OLESSEQUAL     shift, and go to state 69
    OGREATEREQUAL  shift, and go to state 70
    OEQUALS        shift, and go to state 71
    ONOTEQUALS     shift, and go to state 72
    PARENR         shift, and go to state 73


State 47

   17 statement: RWHILE PARENL expr • PARENR statement
   30 expr: expr • OPLUS expr
   31     | expr • OMINUS expr
   32     | expr • OASTERISK expr
   33     | expr • OSLASH expr
   34     | expr • OLESS expr
   35     | expr • OGREATER expr
   36     | expr • OLESSEQUAL expr
   37     | expr • OGREATEREQUAL expr
   38     | expr • OEQUALS expr
   39     | expr • ONOTEQUALS expr

    OPLUS          shift, and go to state 63
    OMINUS         shift, and go to state 64
    OASTERISK      shift, and go to state 65
    OSLASH         shift, and go to state 66
    OLESS          shift, and go to state 67
    OGREATER       shift, and go to state 68
    OLESSEQUAL     shift, and go to state 69
    OGREATEREQUAL  shift, and go to state 70
    OEQUALS        shift, and go to state 71
    ONOTEQUALS     shift, and go to state 72
    PARENR         shift, and go to state 74


State 48

   18 statement: RDO statement RWHILE • PARENL expr PARENR SEMICOLON

    PARENL  shift, and go to state 75


State 49

   19 statement: RFOR PARENL ID • OASSIGN LINT SEMICOLON expr PARENR statement
   20          | RFOR PARENL ID • OASSIGN LINT SEMICOLON expr SEMICOLON OMINUS LINT PARENR statement
   21          | RFOR PARENL ID • OASSIGN LINT SEMICOLON expr SEMICOLON LINT PARENR statement

    OASSIGN  shift, and go to state 76


State 50

   27 print_item: LSTR •

    $default  reduce using rule 27 (print_item)


State 51

   22 statement: RPRINT PARENL print_list • PARENR SEMICOLON
   25 print_list: print_list • COMMA print_item

    COMMA   shift, and go to state 77
    PARENR  shift, and go to state 78


State 52

   24 print_list: print_item •

    $default  reduce using rule 24 (print_list)


State 53

   26 print_item: expr •
   30 expr: expr • OPLUS expr
   31     | expr • OMINUS expr
   32     | expr • OASTERISK expr
   33     | expr • OSLASH expr
   34     | expr • OLESS expr
   35     | expr • OGREATER expr
   36     | expr • OLESSEQUAL expr
   37     | expr • OGREATEREQUAL expr
   38     | expr • OEQUALS expr
   39     | expr • ONOTEQUALS expr

    OPLUS          shift, and go to state 63
    OMINUS         shift, and go to state 64
    OASTERISK      shift, and go to state 65
    OSLASH         shift, and go to state 66
    OLESS          shift, and go to state 67
    OGREATER       shift, and go to state 68
    OLESSEQUAL     shift, and go to state 69
    OGREATEREQUAL  shift, and go to state 70
    OEQUALS        shift, and go to state 71
    ONOTEQUALS     shift, and go to state 72

    $default  reduce using rule 26 (print_item)


State 54

   28 read_list: ID •

    $default  reduce using rule 28 (read_list)


State 55

   23 statement: RREAD PARENL read_list • PARENR SEMICOLON
   29 read_list: read_list • COMMA ID

    COMMA   shift, and go to state 79
    PARENR  shift, and go to state 80


State 56

   14 statement: BRACKETL statement_list BRACKETR •

    $default  reduce using rule 14 (statement)


State 57

   13 statement: ID OASSIGN expr • SEMICOLON
   30 expr: expr • OPLUS expr
   31     | expr • OMINUS expr
   32     | expr • OASTERISK expr
   33     | expr • OSLASH expr
   34     | expr • OLESS expr
   35     | expr • OGREATER expr
   36     | expr • OLESSEQUAL expr
   37     | expr • OGREATEREQUAL expr
   38     | expr • OEQUALS expr
   39     | expr • ONOTEQUALS expr

    SEMICOLON      shift, and go to state 81
    OPLUS          shift, and go to state 63
    OMINUS         shift, and go to state 64
    OASTERISK      shift, and go to state 65
    OSLASH         shift, and go to state 66
    OLESS          shift, and go to state 67
    OGREATER       shift, and go to state 68
    OLESSEQUAL     shift, and go to state 69
    OGREATEREQUAL  shift, and go to state 70
    OEQUALS        shift, and go to state 71
    ONOTEQUALS     shift, and go to state 72


State 58

    8 var_list: var_list COMMA ID •

    $default  reduce using rule 8 (var_list)


State 59

    9 const_list: ID OASSIGN expr •
   30 expr: expr • OPLUS expr
   31     | expr • OMINUS expr
   32     | expr • OASTERISK expr
   33     | expr • OSLASH expr
   34     | expr • OLESS expr
   35     | expr • OGREATER expr
   36     | expr • OLESSEQUAL expr
   37     | expr • OGREATEREQUAL expr
   38     | expr • OEQUALS expr
   39     | expr • ONOTEQUALS expr

    OPLUS          shift, and go to state 63
    OMINUS         shift, and go to state 64
    OASTERISK      shift, and go to state 65
    OSLASH         shift, and go to state 66
    OLESS          shift, and go to state 67
    OGREATER       shift, and go to state 68
    OLESSEQUAL     shift, and go to state 69
    OGREATEREQUAL  shift, and go to state 70
    OEQUALS        shift, and go to state 71
    ONOTEQUALS     shift, and go to state 72

    $default  reduce using rule 9 (const_list)


State 60

   10 const_list: const_list COMMA ID • OASSIGN expr

    OASSIGN  shift, and go to state 82


State 61

   30 expr: expr • OPLUS expr
   31     | expr • OMINUS expr
   32     | expr • OASTERISK expr
   33     | expr • OSLASH expr
   34     | expr • OLESS expr
   35     | expr • OGREATER expr
   36     | expr • OLESSEQUAL expr
   37     | expr • OGREATEREQUAL expr
   38     | expr • OEQUALS expr
   39     | expr • ONOTEQUALS expr
   41     | OMINUS expr •

    $default  reduce using rule 41 (expr)


State 62

   30 expr: expr • OPLUS expr
   31     | expr • OMINUS expr
   32     | expr • OASTERISK expr
   33     | expr • OSLASH expr
   34     | expr • OLESS expr
   35     | expr • OGREATER expr
   36     | expr • OLESSEQUAL expr
   37     | expr • OGREATEREQUAL expr
   38     | expr • OEQUALS expr
   39     | expr • ONOTEQUALS expr
   40     | PARENL expr • QUESTIONMARK expr COLON expr PARENR
   42     | PARENL expr • PARENR

    OPLUS          shift, and go to state 63
    OMINUS         shift, and go to state 64
    OASTERISK      shift, and go to state 65
    OSLASH         shift, and go to state 66
    OLESS          shift, and go to state 67
    OGREATER       shift, and go to state 68
    OLESSEQUAL     shift, and go to state 69
    OGREATEREQUAL  shift, and go to state 70
    OEQUALS        shift, and go to state 71
    ONOTEQUALS     shift, and go to state 72
    PARENR         shift, and go to state 83
    QUESTIONMARK   shift, and go to state 84


State 63

   30 expr: expr OPLUS • expr

    OMINUS  shift, and go to state 42
    PARENL  shift, and go to state 43
    ID      shift, and go to state 44
    LINT    shift, and go to state 45

    expr  go to state 85


State 64

   31 expr: expr OMINUS • expr

    OMINUS  shift, and go to state 42
    PARENL  shift, and go to state 43
    ID      shift, and go to state 44
    LINT    shift, and go to state 45

    expr  go to state 86


State 65

   32 expr: expr OASTERISK • expr

    OMINUS  shift, and go to state 42
    PARENL  shift, and go to state 43
    ID      shift, and go to state 44
    LINT    shift, and go to state 45

    expr  go to state 87


State 66

   33 expr: expr OSLASH • expr

    OMINUS  shift, and go to state 42
    PARENL  shift, and go to state 43
    ID      shift, and go to state 44
    LINT    shift, and go to state 45

    expr  go to state 88


State 67

   34 expr: expr OLESS • expr

    OMINUS  shift, and go to state 42
    PARENL  shift, and go to state 43
    ID      shift, and go to state 44
    LINT    shift, and go to state 45

    expr  go to state 89


State 68

   35 expr: expr OGREATER • expr

    OMINUS  shift, and go to state 42
    PARENL  shift, and go to state 43
    ID      shift, and go to state 44
    LINT    shift, and go to state 45

    expr  go to state 90


State 69

   36 expr: expr OLESSEQUAL • expr

    OMINUS  shift, and go to state 42
    PARENL  shift, and go to state 43
    ID      shift, and go to state 44
    LINT    shift, and go to state 45

    expr  go to state 91


State 70

   37 expr: expr OGREATEREQUAL • expr

    OMINUS  shift, and go to state 42
    PARENL  shift, and go to state 43
    ID      shift, and go to state 44
    LINT    shift, and go to state 45

    expr  go to state 92


State 71

   38 expr: expr OEQUALS • expr

    OMINUS  shift, and go to state 42
    PARENL  shift, and go to state 43
    ID      shift, and go to state 44
    LINT    shift, and go to state 45

    expr  go to state 93


State 72

   39 expr: expr ONOTEQUALS • expr

    OMINUS  shift, and go to state 42
    PARENL  shift, and go to state 43
    ID      shift, and go to state 44
    LINT    shift, and go to state 45

    expr  go to state 94


State 73

   15 statement: RIF PARENL expr PARENR • statement RELSE statement
   16          | RIF PARENL expr PARENR • statement

    RIF       shift, and go to state 15
    RWHILE    shift, and go to state 16
    RDO       shift, and go to state 17
    RFOR      shift, and go to state 18
    RPRINT    shift, and go to state 19
    RREAD     shift, and go to state 20
    BRACKETL  shift, and go to state 21
    ID        shift, and go to state 23

    statement  go to state 95


State 74

   17 statement: RWHILE PARENL expr PARENR • statement

    RIF       shift, and go to state 15
    RWHILE    shift, and go to state 16
    RDO       shift, and go to state 17
    RFOR      shift, and go to state 18
    RPRINT    shift, and go to state 19
    RREAD     shift, and go to state 20
    BRACKETL  shift, and go to state 21
    ID        shift, and go to state 23

    statement  go to state 96


State 75

   18 statement: RDO statement RWHILE PARENL • expr PARENR SEMICOLON

    OMINUS  shift, and go to state 42
    PARENL  shift, and go to state 43
    ID      shift, and go to state 44
    LINT    shift, and go to state 45

    expr  go to state 97


State 76

   19 statement: RFOR PARENL ID OASSIGN • LINT SEMICOLON expr PARENR statement
   20          | RFOR PARENL ID OASSIGN • LINT SEMICOLON expr SEMICOLON OMINUS LINT PARENR statement
   21          | RFOR PARENL ID OASSIGN • LINT SEMICOLON expr SEMICOLON LINT PARENR statement

    LINT  shift, and go to state 98


State 77

   25 print_list: print_list COMMA • print_item

    OMINUS  shift, and go to state 42
    PARENL  shift, and go to state 43
    ID      shift, and go to state 44
    LSTR    shift, and go to state 50
    LINT    shift, and go to state 45

    print_item  go to state 99
    expr        go to state 53


State 78

   22 statement: RPRINT PARENL print_list PARENR • SEMICOLON

    SEMICOLON  shift, and go to state 100


State 79

   29 read_list: read_list COMMA • ID

    ID  shift, and go to state 101


State 80

   23 statement: RREAD PARENL read_list PARENR • SEMICOLON

    SEMICOLON  shift, and go to state 102


State 81

   13 statement: ID OASSIGN expr SEMICOLON •

    $default  reduce using rule 13 (statement)


State 82

   10 const_list: const_list COMMA ID OASSIGN • expr

    OMINUS  shift, and go to state 42
    PARENL  shift, and go to state 43
    ID      shift, and go to state 44
    LINT    shift, and go to state 45

    expr  go to state 103


State 83

   42 expr: PARENL expr PARENR •

    $default  reduce using rule 42 (expr)


State 84

   40 expr: PARENL expr QUESTIONMARK • expr COLON expr PARENR

    OMINUS  shift, and go to state 42
    PARENL  shift, and go to state 43
    ID      shift, and go to state 44
    LINT    shift, and go to state 45

    expr  go to state 104


State 85

   30 expr: expr • OPLUS expr
   30     | expr OPLUS expr •
   31     | expr • OMINUS expr
   32     | expr • OASTERISK expr
   33     | expr • OSLASH expr
   34     | expr • OLESS expr
   35     | expr • OGREATER expr
   36     | expr • OLESSEQUAL expr
   37     | expr • OGREATEREQUAL expr
   38     | expr • OEQUALS expr
   39     | expr • ONOTEQUALS expr

    OASTERISK  shift, and go to state 65
    OSLASH     shift, and go to state 66

    $default  reduce using rule 30 (expr)


State 86

   30 expr: expr • OPLUS expr
   31     | expr • OMINUS expr
   31     | expr OMINUS expr •
   32     | expr • OASTERISK expr
   33     | expr • OSLASH expr
   34     | expr • OLESS expr
   35     | expr • OGREATER expr
   36     | expr • OLESSEQUAL expr
   37     | expr • OGREATEREQUAL expr
   38     | expr • OEQUALS expr
   39     | expr • ONOTEQUALS expr

    OASTERISK  shift, and go to state 65
    OSLASH     shift, and go to state 66

    $default  reduce using rule 31 (expr)


State 87

   30 expr: expr • OPLUS expr
   31     | expr • OMINUS expr
   32     | expr • OASTERISK expr
   32     | expr OASTERISK expr •
   33     | expr • OSLASH expr
   34     | expr • OLESS expr
   35     | expr • OGREATER expr
   36     | expr • OLESSEQUAL expr
   37     | expr • OGREATEREQUAL expr
   38     | expr • OEQUALS expr
   39     | expr • ONOTEQUALS expr

    $default  reduce using rule 32 (expr)


State 88

   30 expr: expr • OPLUS expr
   31     | expr • OMINUS expr
   32     | expr • OASTERISK expr
   33     | expr • OSLASH expr
   33     | expr OSLASH expr •
   34     | expr • OLESS expr
   35     | expr • OGREATER expr
   36     | expr • OLESSEQUAL expr
   37     | expr • OGREATEREQUAL expr
   38     | expr • OEQUALS expr
   39     | expr • ONOTEQUALS expr

    $default  reduce using rule 33 (expr)


State 89

   30 expr: expr • OPLUS expr
   31     | expr • OMINUS expr
   32     | expr • OASTERISK expr
   33     | expr • OSLASH expr
   34     | expr • OLESS expr
   34     | expr OLESS expr •
   35     | expr • OGREATER expr
   36     | expr • OLESSEQUAL expr
   37     | expr • OGREATEREQUAL expr
   38     | expr • OEQUALS expr
   39     | expr • ONOTEQUALS expr

    OPLUS      shift, and go to state 63
    OMINUS     shift, and go to state 64
    OASTERISK  shift, and go to state 65
    OSLASH     shift, and go to state 66

    $default  reduce using rule 34 (expr)


State 90

   30 expr: expr • OPLUS expr
   31     | expr • OMINUS expr
   32     | expr • OASTERISK expr
   33     | expr • OSLASH expr
   34     | expr • OLESS expr
   35     | expr • OGREATER expr
   35     | expr OGREATER expr •
   36     | expr • OLESSEQUAL expr
   37     | expr • OGREATEREQUAL expr
   38     | expr • OEQUALS expr
   39     | expr • ONOTEQUALS expr

    OPLUS      shift, and go to state 63
    OMINUS     shift, and go to state 64
    OASTERISK  shift, and go to state 65
    OSLASH     shift, and go to state 66

    $default  reduce using rule 35 (expr)


State 91

   30 expr: expr • OPLUS expr
   31     | expr • OMINUS expr
   32     | expr • OASTERISK expr
   33     | expr • OSLASH expr
   34     | expr • OLESS expr
   35     | expr • OGREATER expr
   36     | expr • OLESSEQUAL expr
   36     | expr OLESSEQUAL expr •
   37     | expr • OGREATEREQUAL expr
   38     | expr • OEQUALS expr
   39     | expr • ONOTEQUALS expr

    OPLUS      shift, and go to state 63
    OMINUS     shift, and go to state 64
    OASTERISK  shift, and go to state 65
    OSLASH     shift, and go to state 66

    $default  reduce using rule 36 (expr)


State 92

   30 expr: expr • OPLUS expr
   31     | expr • OMINUS expr
   32     | expr • OASTERISK expr
   33     | expr • OSLASH expr
   34     | expr • OLESS expr
   35     | expr • OGREATER expr
   36     | expr • OLESSEQUAL expr
   37     | expr • OGREATEREQUAL expr
   37     | expr OGREATEREQUAL expr •
   38     | expr • OEQUALS expr
   39     | expr • ONOTEQUALS expr

    OPLUS      shift, and go to state 63
    OMINUS     shift, and go to state 64
    OASTERISK  shift, and go to state 65
    OSLASH     shift, and go to state 66

    $default  reduce using rule 37 (expr)


State 93

   30 expr: expr • OPLUS expr
   31     | expr • OMINUS expr
   32     | expr • OASTERISK expr
   33     | expr • OSLASH expr
   34     | expr • OLESS expr
   35     | expr • OGREATER expr
   36     | expr • OLESSEQUAL expr
   37     | expr • OGREATEREQUAL expr
   38     | expr • OEQUALS expr
   38     | expr OEQUALS expr •
   39     | expr • ONOTEQUALS expr

    OPLUS      shift, and go to state 63
    OMINUS     shift, and go to state 64
    OASTERISK  shift, and go to state 65
    OSLASH     shift, and go to state 66

    $default  reduce using rule 38 (expr)


State 94

   30 expr: expr • OPLUS expr
   31     | expr • OMINUS expr
   32     | expr • OASTERISK expr
   33     | expr • OSLASH expr
   34     | expr • OLESS expr
   35     | expr • OGREATER expr
   36     | expr • OLESSEQUAL expr
   37     | expr • OGREATEREQUAL expr
   38     | expr • OEQUALS expr
   39     | expr • ONOTEQUALS expr
   39     | expr ONOTEQUALS expr •

    OPLUS      shift, and go to state 63
    OMINUS     shift, and go to state 64
    OASTERISK  shift, and go to state 65
    OSLASH     shift, and go to state 66

    $default  reduce using rule 39 (expr)


State 95

   15 statement: RIF PARENL expr PARENR statement • RELSE statement
   16          | RIF PARENL expr PARENR statement •

    RELSE  shift, and go to state 105

    RELSE     [reduce using rule 16 (statement)]
    $default  reduce using rule 16 (statement)


State 96

   17 statement: RWHILE PARENL expr PARENR statement •

    $default  reduce using rule 17 (statement)


State 97

   18 statement: RDO statement RWHILE PARENL expr • PARENR SEMICOLON
   30 expr: expr • OPLUS expr
   31     | expr • OMINUS expr
   32     | expr • OASTERISK expr
   33     | expr • OSLASH expr
   34     | expr • OLESS expr
   35     | expr • OGREATER expr
   36     | expr • OLESSEQUAL expr
   37     | expr • OGREATEREQUAL expr
   38     | expr • OEQUALS expr
   39     | expr • ONOTEQUALS expr

    OPLUS          shift, and go to state 63
    OMINUS         shift, and go to state 64
    OASTERISK      shift, and go to state 65
    OSLASH         shift, and go to state 66
    OLESS          shift, and go to state 67
    OGREATER       shift, and go to state 68
    OLESSEQUAL     shift, and go to state 69
    OGREATEREQUAL  shift, and go to state 70
    OEQUALS        shift, and go to state 71
    ONOTEQUALS     shift, and go to state 72
    PARENR         shift, and go to state 106


State 98

   19 statement: RFOR PARENL ID OASSIGN LINT • SEMICOLON expr PARENR statement
   20          | RFOR PARENL ID OASSIGN LINT • SEMICOLON expr SEMICOLON OMINUS LINT PARENR statement
   21          | RFOR PARENL ID OASSIGN LINT • SEMICOLON expr SEMICOLON LINT PARENR statement

    SEMICOLON  shift, and go to state 107


State 99

   25 print_list: print_list COMMA print_item •

    $default  reduce using rule 25 (print_list)


State 100

   22 statement: RPRINT PARENL print_list PARENR SEMICOLON •

    $default  reduce using rule 22 (statement)


State 101

   29 read_list: read_list COMMA ID •

    $default  reduce using rule 29 (read_list)


State 102

   23 statement: RREAD PARENL read_list PARENR SEMICOLON •

    $default  reduce using rule 23 (statement)


State 103

   10 const_list: const_list COMMA ID OASSIGN expr •
   30 expr: expr • OPLUS expr
   31     | expr • OMINUS expr
   32     | expr • OASTERISK expr
   33     | expr • OSLASH expr
   34     | expr • OLESS expr
   35     | expr • OGREATER expr
   36     | expr • OLESSEQUAL expr
   37     | expr • OGREATEREQUAL expr
   38     | expr • OEQUALS expr
   39     | expr • ONOTEQUALS expr

    OPLUS          shift, and go to state 63
    OMINUS         shift, and go to state 64
    OASTERISK      shift, and go to state 65
    OSLASH         shift, and go to state 66
    OLESS          shift, and go to state 67
    OGREATER       shift, and go to state 68
    OLESSEQUAL     shift, and go to state 69
    OGREATEREQUAL  shift, and go to state 70
    OEQUALS        shift, and go to state 71
    ONOTEQUALS     shift, and go to state 72

    $default  reduce using rule 10 (const_list)


State 104

   30 expr: expr • OPLUS expr
   31     | expr • OMINUS expr
   32     | expr • OASTERISK expr
   33     | expr • OSLASH expr
   34     | expr • OLESS expr
   35     | expr • OGREATER expr
   36     | expr • OLESSEQUAL expr
   37     | expr • OGREATEREQUAL expr
   38     | expr • OEQUALS expr
   39     | expr • ONOTEQUALS expr
   40     | PARENL expr QUESTIONMARK expr • COLON expr PARENR

    OPLUS          shift, and go to state 63
    OMINUS         shift, and go to state 64
    OASTERISK      shift, and go to state 65
    OSLASH         shift, and go to state 66
    OLESS          shift, and go to state 67
    OGREATER       shift, and go to state 68
    OLESSEQUAL     shift, and go to state 69
    OGREATEREQUAL  shift, and go to state 70
    OEQUALS        shift, and go to state 71
    ONOTEQUALS     shift, and go to state 72
    COLON          shift, and go to state 108


State 105

   15 statement: RIF PARENL expr PARENR statement RELSE • statement

    RIF       shift, and go to state 15
    RWHILE    shift, and go to state 16
    RDO       shift, and go to state 17
    RFOR      shift, and go to state 18
    RPRINT    shift, and go to state 19
    RREAD     shift, and go to state 20
    BRACKETL  shift, and go to state 21
    ID        shift, and go to state 23

    statement  go to state 109


State 106

   18 statement: RDO statement RWHILE PARENL expr PARENR • SEMICOLON

    SEMICOLON  shift, and go to state 110


State 107

   19 statement: RFOR PARENL ID OASSIGN LINT SEMICOLON • expr PARENR statement
   20          | RFOR PARENL ID OASSIGN LINT SEMICOLON • expr SEMICOLON OMINUS LINT PARENR statement
   21          | RFOR PARENL ID OASSIGN LINT SEMICOLON • expr SEMICOLON LINT PARENR statement

    OMINUS  shift, and go to state 42
    PARENL  shift, and go to state 43
    ID      shift, and go to state 44
    LINT    shift, and go to state 45

    expr  go to state 111


State 108

   40 expr: PARENL expr QUESTIONMARK expr COLON • expr PARENR

    OMINUS  shift, and go to state 42
    PARENL  shift, and go to state 43
    ID      shift, and go to state 44
    LINT    shift, and go to state 45

    expr  go to state 112


State 109

   15 statement: RIF PARENL expr PARENR statement RELSE statement •

    $default  reduce using rule 15 (statement)


State 110

   18 statement: RDO statement RWHILE PARENL expr PARENR SEMICOLON •

    $default  reduce using rule 18 (statement)


State 111

   19 statement: RFOR PARENL ID OASSIGN LINT SEMICOLON expr • PARENR statement
   20          | RFOR PARENL ID OASSIGN LINT SEMICOLON expr • SEMICOLON OMINUS LINT PARENR statement
   21          | RFOR PARENL ID OASSIGN LINT SEMICOLON expr • SEMICOLON LINT PARENR statement
   30 expr: expr • OPLUS expr
   31     | expr • OMINUS expr
   32     | expr • OASTERISK expr
   33     | expr • OSLASH expr
   34     | expr • OLESS expr
   35     | expr • OGREATER expr
   36     | expr • OLESSEQUAL expr
   37     | expr • OGREATEREQUAL expr
   38     | expr • OEQUALS expr
   39     | expr • ONOTEQUALS expr

    SEMICOLON      shift, and go to state 113
    OPLUS          shift, and go to state 63
    OMINUS         shift, and go to state 64
    OASTERISK      shift, and go to state 65
    OSLASH         shift, and go to state 66
    OLESS          shift, and go to state 67
    OGREATER       shift, and go to state 68
    OLESSEQUAL     shift, and go to state 69
    OGREATEREQUAL  shift, and go to state 70
    OEQUALS        shift, and go to state 71
    ONOTEQUALS     shift, and go to state 72
    PARENR         shift, and go to state 114


State 112

   30 expr: expr • OPLUS expr
   31     | expr • OMINUS expr
   32     | expr • OASTERISK expr
   33     | expr • OSLASH expr
   34     | expr • OLESS expr
   35     | expr • OGREATER expr
   36     | expr • OLESSEQUAL expr
   37     | expr • OGREATEREQUAL expr
   38     | expr • OEQUALS expr
   39     | expr • ONOTEQUALS expr
   40     | PARENL expr QUESTIONMARK expr COLON expr • PARENR

    OPLUS          shift, and go to state 63
    OMINUS         shift, and go to state 64
    OASTERISK      shift, and go to state 65
    OSLASH         shift, and go to state 66
    OLESS          shift, and go to state 67
    OGREATER       shift, and go to state 68
    OLESSEQUAL     shift, and go to state 69
    OGREATEREQUAL  shift, and go to state 70
    OEQUALS        shift, and go to state 71
    ONOTEQUALS     shift, and go to state 72
    PARENR         shift, and go to state 115


State 113

   20 statement: RFOR PARENL ID OASSIGN LINT SEMICOLON expr SEMICOLON • OMINUS LINT PARENR statement
   21          | RFOR PARENL ID OASSIGN LINT SEMICOLON expr SEMICOLON • LINT PARENR statement

    OMINUS  shift, and go to state 116
    LINT    shift, and go to state 117


State 114

   19 statement: RFOR PARENL ID OASSIGN LINT SEMICOLON expr PARENR • statement

    RIF       shift, and go to state 15
    RWHILE    shift, and go to state 16
    RDO       shift, and go to state 17
    RFOR      shift, and go to state 18
    RPRINT    shift, and go to state 19
    RREAD     shift, and go to state 20
    BRACKETL  shift, and go to state 21
    ID        shift, and go to state 23

    statement  go to state 118


State 115

   40 expr: PARENL expr QUESTIONMARK expr COLON expr PARENR •

    $default  reduce using rule 40 (expr)


State 116

   20 statement: RFOR PARENL ID OASSIGN LINT SEMICOLON expr SEMICOLON OMINUS • LINT PARENR statement

    LINT  shift, and go to state 119


State 117

   21 statement: RFOR PARENL ID OASSIGN LINT SEMICOLON expr SEMICOLON LINT • PARENR statement

    PARENR  shift, and go to state 120


State 118

   19 statement: RFOR PARENL ID OASSIGN LINT SEMICOLON expr PARENR statement •

    $default  reduce using rule 19 (statement)


State 119

   20 statement: RFOR PARENL ID OASSIGN LINT SEMICOLON expr SEMICOLON OMINUS LINT • PARENR statement

    PARENR  shift, and go to state 121


State 120

   21 statement: RFOR PARENL ID OASSIGN LINT SEMICOLON expr SEMICOLON LINT PARENR • statement

    RIF       shift, and go to state 15
    RWHILE    shift, and go to state 16
    RDO       shift, and go to state 17
    RFOR      shift, and go to state 18
    RPRINT    shift, and go to state 19
    RREAD     shift, and go to state 20
    BRACKETL  shift, and go to state 21
    ID        shift, and go to state 23

    statement  go to state 122


State 121

   20 statement: RFOR PARENL ID OASSIGN LINT SEMICOLON expr SEMICOLON OMINUS LINT PARENR • statement

    RIF       shift, and go to state 15
    RWHILE    shift, and go to state 16
    RDO       shift, and go to state 17
    RFOR      shift, and go to state 18
    RPRINT    shift, and go to state 19
    RREAD     shift, and go to state 20
    BRACKETL  shift, and go to state 21
    ID        shift, and go to state 23

    statement  go to state 123


State 122

   21 statement: RFOR PARENL ID OASSIGN LINT SEMICOLON expr SEMICOLON LINT PARENR statement •

    $default  reduce using rule 21 (statement)


State 123

   20 statement: RFOR PARENL ID OASSIGN LINT SEMICOLON expr SEMICOLON OMINUS LINT PARENR statement •

    $default  reduce using rule 20 (statement)
