\begin{center}
\tdplotsetmaincoords{70}{110}
\begin{tikzpicture}[scale = 0.3, tdplot_main_coords,
  cara/.style={thick, color = blue, fill opacity = 0.3, fill = blue!20}]
\draw[->,thick,gray] (-15,0,0) -- (15,0,0); % Eje X
\draw[->,thick,gray] (0,-15,0) -- (0,15,0); % Eje Y
\draw[->,thick,gray] (0,0,-15) -- (0,0,15); % Eje Z
\draw[fill = blue] (1.00000000000000, 1.00000000000000, 0.000000000000000) circle (2mm) node[above left] {$P_1$};
\draw[fill = blue] (2.00000000000000, -1.00000000000000, -3.00000000000000) circle (2mm) node[below right] {$P_2$};
\draw[fill = blue] (3.00000000000000, 3.00000000000000, -1.00000000000000) circle (2mm) node[below right] {$P_3$};
\draw[fill = blue] (2.00000000000000, 3.00000000000000, 1.00000000000000) circle (2mm) node[above right] {$P_4$};
\draw[fill = blue] (4.00000000000000, -6.00000000000000, 10.0000000000000) circle (2mm) node[above right] {$P_5$};
\draw[fill = blue] (5.00000000000000, 10.0000000000000, -15.0000000000000) circle (2mm) node[above right] {$P_6$};
\draw[fill = red] (0.000000000000000, 0.000000000000000, 0.000000000000000) circle (2mm) node[above left] {$P'_1$};
\draw[fill = red] (2.00000000000000, -1.00000000000000, -3.00000000000000) circle (2mm) node[below right] {$P'_2$};
\draw[fill = red] (-2.00000000000000, -2.00000000000000, -1.00000000000000) circle (2mm) node[below right] {$P'_3$};
\draw[fill = red] (-2.00000000000000, -1.00000000000000, 1.00000000000000) circle (2mm) node[above right] {$P'_4$};
\draw[fill = red] (7.00000000000000, -3.00000000000000, 10.0000000000000) circle (2mm) node[above right] {$P'_5$};
\draw[fill = red] (-9.00000000000000, -4.00000000000000, -15.0000000000000) circle (2mm) node[above right] {$P'_6$};
\draw[cara] (-11.3137084989848, 11.3137084989848, 16.0000000000000) -- (11.3137084989848, -11.3137084989848, 16.0000000000000) -- (11.3137084989848, -11.3137084989848, -16.0000000000000) -- (-11.3137084989848, 11.3137084989848, -16.0000000000000) -- cycle;
\end{tikzpicture}
\end{center}
