\begin{center}
\tdplotsetmaincoords{70}{110}
\begin{tikzpicture}[scale = 5, tdplot_main_coords,
  cara/.style={thick, color = blue, fill opacity = 0.3, fill = blue!20},
  cara2/.style={thick, color = purple, fill opacity = 0.2, fill = purple!20},
  ]
\draw[->,thick,gray] (-1.5,0,0) -- (2.5,0,0); % Eje X
\draw[->,thick,gray] (0,-1.5,0) -- (0,1.5,0); % Eje Y
\draw[->,thick,gray] (0,0,-1.5) -- (0,0,1.5); % Eje Z
\draw[->,thick,red] (0, 0, 0) -- (0.204124145231932, 0.204124145231932, 0.408248290463863) node[below right] {$u_1$};
\draw[->,thick,red] (0, 0, 0) -- (-0.353553390593274, 0.353553390593274, 0.000000000000000) node[below right] {$u_2$};
\draw[->,thick,red] (0, 0, 0) -- (-0.288675134594813, -0.288675134594813, 0.288675134594813) node[below right] {$u_3$};
\draw[->,thick,green] (0.233333333333333, 0.233333333333333, 0.466666666666667) -- (-0.120220057259940, 0.586886723926607, 0.466666666666667) node[below right] {$r_1$};
\draw[->,thick,green] (0.233333333333333, 0.233333333333333, 0.466666666666667) -- (-0.0553418012614796, -0.0553418012614796, 0.755341801261480) node[below right] {$r_2$};
\draw[->,thick,green] (0.233333333333333, 0.233333333333333, 0.466666666666667) -- (0.437457478565265, 0.437457478565265, 0.874914957130530) node[below right] {$r_3$};
\draw[cara2] (0.642228525188087, -0.0648782559984608, -0.288675134594813) -- (-0.0648782559984608, 0.642228525188087, -0.288675134594813) -- (-0.642228525188087, 0.0648782559984608, 0.288675134594813) -- (0.0648782559984608, -0.642228525188087, 0.288675134594813) -- cycle;

\draw[cara] (0.500000000000000, 0.100000000000000, 0.400000000000000) -- (0.393391304549055, 0.425091385563882, 0.290758654943531) -- (0.0655879330483353, 0.485179660561623, 0.424616203195021) -- (-0.0303969967149739, 0.197224871271696, 0.616586062721639) -- (0.238084425784250, -0.0408292507305344, 0.601372412473142) -- cycle;
\draw[cara] (0.0333333333333333, -0.366666666666667, -0.533333333333333) -- (-0.0732753621176114, -0.0415752811027850, -0.642574678389802) -- (-0.401078733618331, 0.0185129938949566, -0.508717130138313) -- (-0.497063663381641, -0.269441795394970, -0.316747270611694) -- (-0.228582240882417, -0.507495917397201, -0.331960920860191) -- cycle;
\draw[cara] (0.500000000000000, 0.100000000000000, 0.400000000000000) -- (0.0333333333333333, -0.366666666666667, -0.533333333333333) -- (-0.0732753621176114, -0.0415752811027850, -0.642574678389802) -- (0.393391304549055, 0.425091385563882, 0.290758654943531) -- cycle;
\draw[cara] (0.393391304549055, 0.425091385563882, 0.290758654943531) -- (-0.0732753621176114, -0.0415752811027850, -0.642574678389802) -- (-0.401078733618331, 0.0185129938949566, -0.508717130138313) -- (0.0655879330483353, 0.485179660561623, 0.424616203195021) -- cycle;
\draw[cara] (0.0655879330483353, 0.485179660561623, 0.424616203195021) -- (-0.401078733618331, 0.0185129938949566, -0.508717130138313) -- (-0.497063663381641, -0.269441795394970, -0.316747270611694) -- (-0.0303969967149739, 0.197224871271696, 0.616586062721639) -- cycle;
\draw[cara] (-0.0303969967149739, 0.197224871271696, 0.616586062721639) -- (-0.497063663381641, -0.269441795394970, -0.316747270611694) -- (-0.228582240882417, -0.507495917397201, -0.331960920860191) -- (0.238084425784250, -0.0408292507305344, 0.601372412473142) -- cycle;
\draw[cara] (0.238084425784250, -0.0408292507305344, 0.601372412473142) -- (-0.228582240882417, -0.507495917397201, -0.331960920860191) -- (0.0333333333333333, -0.366666666666667, -0.533333333333333) -- (0.500000000000000, 0.100000000000000, 0.400000000000000) -- cycle;
\draw[fill = blue] (0.500000000000000, 0.100000000000000, 0.400000000000000) circle (0.1mm) node[above left] {$A$};
\draw[fill = blue] (0.233333333333333, 0.233333333333333, 0.466666666666667) circle (0.1mm) node[above left] {$O_c$};
\end{tikzpicture}
\end{center}
