

\tdplotsetmaincoords{70}{110}
\begin{tikzpicture}[scale = 3, tdplot_main_coords,
cara/.style={thick, color = blue, fill opacity = 0.3, fill = blue!20},]

\draw[->,thick,gray] (-1.5,0,0) -- (2.5,0,0); % Eje X
\draw[->,thick,gray] (0,-1.5,0) -- (0,3.5,0); % Eje Y
\draw[->,thick,gray] (0,0,-1.5) -- (0,0,1.5); % Eje Z

\draw[->,thick,red] (0,0,0) -- (-0.784791999601780, 0.342015687294358, -0.516843097086155);
\draw[->,thick,red] (0,0,0) -- (-0.178606005998416, -0.923371629256504, -0.339830441404951);
\draw[->,thick,red] (0,0,0) -- (-0.593465594607079, -0.174384930337337, 0.785740723196213);


\draw[cara] (0.717434104560504, 0.503600818995866, 0.274834075678966) -- (0.874618245318622, 0.0263479909915082, -0.279656855379296) -- (0.575355268348621, -0.659493581837341, -0.279094570232014) -- (0.118908150620501, -0.868082326661832, 0.275958645973530) -- (-0.0382759901376178, -0.390829498657474, 0.830449577031793) -- (0.260986986832384, 0.295012074171375, 0.829887291884511) --cycle;

\draw[cara] (-1.63694189424483, 1.52964788087894, -1.27569521557950) -- (-1.47975775348672, 1.05239505287458, -1.83018614663776) -- (-1.77902073045672, 0.366553480045733, -1.82962386149048) -- (-2.23546784818484, 0.157964735221242, -1.27457064528493) -- (-2.39265198894296, 0.635217563225600, -0.720079714226671) -- (-2.09338901197296, 1.32105913605445, -0.720641999373953) --cycle;

\draw[cara] (0.717434104560504, 0.503600818995866, 0.274834075678966) -- (-1.63694189424483, 1.52964788087894, -1.27569521557950) -- (-1.47975775348672, 1.05239505287458, -1.83018614663776) -- (0.874618245318622, 0.0263479909915082, -0.279656855379296) --cycle;
\draw[cara] (0.874618245318622, 0.0263479909915082, -0.279656855379296) -- (-1.47975775348672, 1.05239505287458, -1.83018614663776) -- (-1.77902073045672, 0.366553480045733, -1.82962386149048) -- (0.575355268348621, -0.659493581837341, -0.279094570232014) --cycle;
\draw[cara] (0.575355268348621, -0.659493581837341, -0.279094570232014) -- (-1.77902073045672, 0.366553480045733, -1.82962386149048) -- (-2.23546784818484, 0.157964735221242, -1.27457064528493) -- (0.118908150620501, -0.868082326661832, 0.275958645973530) --cycle;
\draw[cara] (0.118908150620501, -0.868082326661832, 0.275958645973530) -- (-2.23546784818484, 0.157964735221242, -1.27457064528493) -- (-2.39265198894296, 0.635217563225600, -0.720079714226671) -- (-0.0382759901376178, -0.390829498657474, 0.830449577031793) --cycle;
\draw[cara] (-0.0382759901376178, -0.390829498657474, 0.830449577031793) -- (-2.39265198894296, 0.635217563225600, -0.720079714226671) -- (-2.09338901197296, 1.32105913605445, -0.720641999373953) -- (0.260986986832384, 0.295012074171375, 0.829887291884511) --cycle;
\draw[cara] (0.260986986832384, 0.295012074171375, 0.829887291884511) -- (-2.09338901197296, 1.32105913605445, -0.720641999373953) -- (-1.63694189424483, 1.52964788087894, -1.27569521557950) -- (0.717434104560504, 0.503600818995866, 0.274834075678966) --cycle;


\draw[fill = white] (0.717434104560504, 0.503600818995866, 0.274834075678966) circle (0.5mm) node[above right] {$b_0 = b$};
\draw[fill = white] (0.874618245318622, 0.0263479909915082, -0.279656855379296) circle (0.5mm) node[above right] {$b_1$};
\draw[fill = white] (0.575355268348621, -0.659493581837341, -0.279094570232014) circle (0.5mm) node[above right] {$b_2$};
\draw[fill = white] (0.118908150620501, -0.868082326661832, 0.275958645973530) circle (0.5mm) node[above right] {$b_3$};
\draw[fill = white] (-0.0382759901376178, -0.390829498657474, 0.830449577031793) circle (0.5mm) node[above right] {$b_4$};
\draw[fill = white] (0.260986986832384, 0.295012074171375, 0.829887291884511) circle (0.5mm) node[above right] {$b_5$};

\draw[fill = white] (-1.63694189424483, 1.52964788087894, -1.27569521557950) circle (0.5mm) node[above right] {$c_0 = 3 b_0$};
\draw[fill = white] (-1.47975775348672, 1.05239505287458, -1.83018614663776) circle (0.5mm) node[above right] {$c_1$};
\draw[fill = white] (-1.77902073045672, 0.366553480045733, -1.82962386149048) circle (0.5mm) node[above right] {$c_2$};
\draw[fill = white] (-2.23546784818484, 0.157964735221242, -1.27457064528493) circle (0.5mm) node[above right] {$c_3$};
\draw[fill = white] (-2.39265198894296, 0.635217563225600, -0.720079714226671) circle (0.5mm) node[above right] {$c_4$};
\draw[fill = white] (-2.09338901197296, 1.32105913605445, -0.720641999373953) circle (0.5mm) node[above right] {$c_5$};


\draw[fill = white] (0.418171127590502, -0.182240753832983, 0.275396360826248) circle (0.5mm);


\draw[fill = gray] (0,0,0) circle (0.5mm);
\end{tikzpicture}
